<?xml version="1.0" encoding="UTF-8"?>
<!-- Generated by org.testng.reporters.JUnitReportReporter -->
<testsuite name="com.course.cases.LoginTest" tests="2" time="2.926" ignored="0" failures="0" timestamp="28 Jul 2019 08:07:56 GMT" skipped="0" hostname="DESKTOP-NA9DL58" errors="0">
  <testcase name="loginTrue" time="2.391" classname="com.course.cases.LoginTest"/>
  <testcase name="loginFalse" time="0.535" classname="com.course.cases.LoginTest"/>
</testsuite> <!-- com.course.cases.LoginTest -->
