<?xml version="1.0" encoding="UTF-8"?>
<!-- Generated by org.testng.reporters.JUnitReportReporter -->
<testsuite name="com.course.cases.GetUserInfoTest" tests="1" time="0.078" ignored="0" failures="0" timestamp="28 Jul 2019 08:07:56 GMT" skipped="0" hostname="DESKTOP-NA9DL58" errors="0">
  <testcase name="getUserInfo" time="0.078" classname="com.course.cases.GetUserInfoTest"/>
</testsuite> <!-- com.course.cases.GetUserInfoTest -->
