<?xml version="1.0" encoding="UTF-8"?>
<!-- Generated by org.testng.reporters.JUnitReportReporter -->
<testsuite name="com.course.cases.UpdateUserInfoTest" tests="2" time="6.099" ignored="0" failures="0" timestamp="28 Jul 2019 08:07:56 GMT" skipped="0" hostname="DESKTOP-NA9DL58" errors="0">
  <testcase name="deleteUserInfo" time="3.036" classname="com.course.cases.UpdateUserInfoTest"/>
  <testcase name="updateUserInfo" time="3.063" classname="com.course.cases.UpdateUserInfoTest"/>
</testsuite> <!-- com.course.cases.UpdateUserInfoTest -->
