<?xml version="1.0" encoding="UTF-8"?>
<!-- Generated by org.testng.reporters.JUnitReportReporter -->
<testsuite name="com.course.cases.AddUserTest" tests="1" time="0.131" ignored="0" failures="0" timestamp="28 Jul 2019 08:07:56 GMT" skipped="0" hostname="DESKTOP-NA9DL58" errors="0">
  <testcase name="addUser" time="0.131" classname="com.course.cases.AddUserTest"/>
</testsuite> <!-- com.course.cases.AddUserTest -->
